<?xml version="1.0" encoding="UTF-8"?>
<!-- Generated by org.testng.reporters.JUnitXMLReporter -->
<testsuite hostname="Kellys-MacBook-Pro.local" name="Application Test" tests="3" failures="1" timestamp="22 Aug 2017 18:48:34 GMT" time="0.029" errors="0">
  <testcase name="testMethod2" time="0.003" classname="TestNG2.TestNG_ReportsAndLogs">
    <failure type="java.lang.AssertionError" message="expected [true] but found [false]">
      <![CDATA[java.lang.AssertionError: expected [true] but found [false]
	at TestNG2.TestNG_ReportsAndLogs.testMethod2(TestNG_ReportsAndLogs.java:39)
... Removed 27 stack frames]]>
    </failure>
  </testcase> <!-- testMethod2 -->
  <testcase name="testMethod1" time="0.0" classname="TestNG2.TestNG_ReportsAndLogs"/>
  <testcase name="testMethod3" time="0.0" classname="TestNG2.TestNG_ReportsAndLogs">
    <skipped/>
  </testcase> <!-- testMethod3 -->
</testsuite> <!-- Application Test -->
