<?xml version="1.0" encoding="UTF-8"?>
<!-- Generated by org.testng.reporters.JUnitXMLReporter -->
<testsuite hostname="Kellys-MacBook-Pro.local" name="Firefox Test" tests="1" failures="0" timestamp="23 Aug 2017 14:25:00 GMT" time="45.562" errors="0">
  <testcase name="@BeforeClass beforeClass" time="0.0" classname="TestNG2.TestNG_MultiBrowserTest">
    <failure type="org.openqa.selenium.WebDriverException" message="Failed to connect to binary FirefoxBinary(/Applications/Firefox.app/Contents/MacOS/firefox-bin) on port 7055; process output follows: 
285-3208198ce6fd}
1503498255285	DeferredSave.extensions.json	DEBUG	Save changes
1503498255286	addons.xpi	DEBUG	Updating database with changes to installed add-ons
1503498255286	addons.xpi-utils	DEBUG	Updating add-on states
1503498255287	addons.xpi-utils	DEBUG	Writing add-ons list
1503498255289	addons.xpi	DEBUG	Registering manifest for /Applications/Firefox.app/Contents/Resources/browser/features/aushelper@mozilla.org.xpi
1503498255290	addons.xpi	DEBUG	Calling bootstrap method startup on aushelper@mozilla.org version 2.0
1503498255290	addons.xpi	DEBUG	Registering manifest for /Applications/Firefox.app/Contents/Resources/browser/features/e10srollout@mozilla.org.xpi
1503498255291	addons.xpi	DEBUG	Calling bootstrap method startup on e10srollout@mozilla.org version 1.50
1503498255293	addons.xpi	DEBUG	Registering manifest for /Applications/Firefox.app/Contents/Resources/browser/features/firefox@getpocket.com.xpi
1503498255294	addons.xpi	DEBUG	Calling bootstrap method startup on firefox@getpocket.com version 1.0.5
1503498255295	addons.xpi	DEBUG	Registering manifest for /Applications/Firefox.app/Contents/Resources/browser/features/screenshots@mozilla.org.xpi
1503498255296	addons.xpi	DEBUG	Calling bootstrap method startup on screenshots@mozilla.org version 6.6.0
1503498255296	addons.xpi	DEBUG	Registering manifest for /Applications/Firefox.app/Contents/Resources/browser/features/webcompat@mozilla.org.xpi
1503498255296	addons.xpi	DEBUG	Calling bootstrap method startup on webcompat@mozilla.org version 1.1
1503498255302	addons.manager	DEBUG	Registering shutdown blocker for XPIProvider
1503498255302	addons.manager	DEBUG	Provider finished startup: XPIProvider
1503498255302	addons.manager	DEBUG	Starting provider: LightweightThemeManager
1503498255302	addons.manager	DEBUG	Registering shutdown blocker for LightweightThemeManager
1503498255303	addons.manager	DEBUG	Provider finished startup: LightweightThemeManager
1503498255303	addons.manager	DEBUG	Starting provider: GMPProvider
1503498255309	addons.manager	DEBUG	Registering shutdown blocker for GMPProvider
1503498255309	addons.manager	DEBUG	Provider finished startup: GMPProvider
1503498255309	addons.manager	DEBUG	Starting provider: PluginProvider
1503498255310	addons.manager	DEBUG	Registering shutdown blocker for PluginProvider
1503498255310	addons.manager	DEBUG	Provider finished startup: PluginProvider
1503498255310	addons.manager	DEBUG	Completed startup sequence
1503498255692	addons.manager	DEBUG	Starting provider: &amp;lt;unnamed-provider&amp;gt;
1503498255693	addons.manager	DEBUG	Registering shutdown blocker for &amp;lt;unnamed-provider&amp;gt;
1503498255694	addons.manager	DEBUG	Provider finished startup: &amp;lt;unnamed-provider&amp;gt;
1503498255796	DeferredSave.extensions.json	DEBUG	Write succeeded
1503498255796	addons.xpi-utils	DEBUG	XPI Database saved, setting schema version preference to 19
1503498255796	DeferredSave.extensions.json	DEBUG	Starting timer
1503498255804	addons.repository	DEBUG	No addons.json found.
1503498255804	DeferredSave.addons.json	DEBUG	Save changes
1503498255806	DeferredSave.addons.json	DEBUG	Starting timer
1503498255824	addons.manager	DEBUG	Starting provider: PreviousExperimentProvider
1503498255824	addons.manager	DEBUG	Registering shutdown blocker for PreviousExperimentProvider
1503498255825	addons.manager	DEBUG	Provider finished startup: PreviousExperimentProvider
1503498255837	DeferredSave.extensions.json	DEBUG	Starting write
1503498255854	DeferredSave.extensions.json	DEBUG	Write succeeded
1503498255857	DeferredSave.addons.json	DEBUG	Starting write
1503498255869	DeferredSave.addons.json	DEBUG	Write succeeded
2017-08-23 09:24:17.158 plugin-container[3091:51514] *** CFMessagePort: bootstrap_register(): failed 1100 (0x44c) &amp;apos;Permission denied&amp;apos;, port = 0x983b, name = &amp;apos;com.apple.tsm.portname&amp;apos;
See /usr/include/servers/bootstrap_defs.h for the error codes.
2017-08-23 09:24:17.159 plugin-container[3091:51514] *** CFMessagePort: bootstrap_register(): failed 1100 (0x44c) &amp;apos;Permission denied&amp;apos;, port = 0x9b03, name = &amp;apos;com.apple.CFPasteboardClient&amp;apos;
See /usr/include/servers/bootstrap_defs.h for the error codes.

Build info: version: &amp;apos;2.53.1&amp;apos;, revision: &amp;apos;a36b8b1cd5757287168e54b817830adce9b0158d&amp;apos;, time: &amp;apos;2016-06-30 19:26:09&amp;apos;
System info: host: &amp;apos;Kellys-MacBook-Pro.local&amp;apos;, ip: &amp;apos;169.254.106.50&amp;apos;, os.name: &amp;apos;Mac OS X&amp;apos;, os.arch: &amp;apos;x86_64&amp;apos;, os.version: &amp;apos;10.12.3&amp;apos;, java.version: &amp;apos;1.8.0_92&amp;apos;
Driver info: driver.version: FirefoxDriver">
      <![CDATA[org.openqa.selenium.WebDriverException: Failed to connect to binary FirefoxBinary(/Applications/Firefox.app/Contents/MacOS/firefox-bin) on port 7055; process output follows: 
285-3208198ce6fd}
1503498255285	DeferredSave.extensions.json	DEBUG	Save changes
1503498255286	addons.xpi	DEBUG	Updating database with changes to installed add-ons
1503498255286	addons.xpi-utils	DEBUG	Updating add-on states
1503498255287	addons.xpi-utils	DEBUG	Writing add-ons list
1503498255289	addons.xpi	DEBUG	Registering manifest for /Applications/Firefox.app/Contents/Resources/browser/features/aushelper@mozilla.org.xpi
1503498255290	addons.xpi	DEBUG	Calling bootstrap method startup on aushelper@mozilla.org version 2.0
1503498255290	addons.xpi	DEBUG	Registering manifest for /Applications/Firefox.app/Contents/Resources/browser/features/e10srollout@mozilla.org.xpi
1503498255291	addons.xpi	DEBUG	Calling bootstrap method startup on e10srollout@mozilla.org version 1.50
1503498255293	addons.xpi	DEBUG	Registering manifest for /Applications/Firefox.app/Contents/Resources/browser/features/firefox@getpocket.com.xpi
1503498255294	addons.xpi	DEBUG	Calling bootstrap method startup on firefox@getpocket.com version 1.0.5
1503498255295	addons.xpi	DEBUG	Registering manifest for /Applications/Firefox.app/Contents/Resources/browser/features/screenshots@mozilla.org.xpi
1503498255296	addons.xpi	DEBUG	Calling bootstrap method startup on screenshots@mozilla.org version 6.6.0
1503498255296	addons.xpi	DEBUG	Registering manifest for /Applications/Firefox.app/Contents/Resources/browser/features/webcompat@mozilla.org.xpi
1503498255296	addons.xpi	DEBUG	Calling bootstrap method startup on webcompat@mozilla.org version 1.1
1503498255302	addons.manager	DEBUG	Registering shutdown blocker for XPIProvider
1503498255302	addons.manager	DEBUG	Provider finished startup: XPIProvider
1503498255302	addons.manager	DEBUG	Starting provider: LightweightThemeManager
1503498255302	addons.manager	DEBUG	Registering shutdown blocker for LightweightThemeManager
1503498255303	addons.manager	DEBUG	Provider finished startup: LightweightThemeManager
1503498255303	addons.manager	DEBUG	Starting provider: GMPProvider
1503498255309	addons.manager	DEBUG	Registering shutdown blocker for GMPProvider
1503498255309	addons.manager	DEBUG	Provider finished startup: GMPProvider
1503498255309	addons.manager	DEBUG	Starting provider: PluginProvider
1503498255310	addons.manager	DEBUG	Registering shutdown blocker for PluginProvider
1503498255310	addons.manager	DEBUG	Provider finished startup: PluginProvider
1503498255310	addons.manager	DEBUG	Completed startup sequence
1503498255692	addons.manager	DEBUG	Starting provider: <unnamed-provider>
1503498255693	addons.manager	DEBUG	Registering shutdown blocker for <unnamed-provider>
1503498255694	addons.manager	DEBUG	Provider finished startup: <unnamed-provider>
1503498255796	DeferredSave.extensions.json	DEBUG	Write succeeded
1503498255796	addons.xpi-utils	DEBUG	XPI Database saved, setting schema version preference to 19
1503498255796	DeferredSave.extensions.json	DEBUG	Starting timer
1503498255804	addons.repository	DEBUG	No addons.json found.
1503498255804	DeferredSave.addons.json	DEBUG	Save changes
1503498255806	DeferredSave.addons.json	DEBUG	Starting timer
1503498255824	addons.manager	DEBUG	Starting provider: PreviousExperimentProvider
1503498255824	addons.manager	DEBUG	Registering shutdown blocker for PreviousExperimentProvider
1503498255825	addons.manager	DEBUG	Provider finished startup: PreviousExperimentProvider
1503498255837	DeferredSave.extensions.json	DEBUG	Starting write
1503498255854	DeferredSave.extensions.json	DEBUG	Write succeeded
1503498255857	DeferredSave.addons.json	DEBUG	Starting write
1503498255869	DeferredSave.addons.json	DEBUG	Write succeeded
2017-08-23 09:24:17.158 plugin-container[3091:51514] *** CFMessagePort: bootstrap_register(): failed 1100 (0x44c) 'Permission denied', port = 0x983b, name = 'com.apple.tsm.portname'
See /usr/include/servers/bootstrap_defs.h for the error codes.
2017-08-23 09:24:17.159 plugin-container[3091:51514] *** CFMessagePort: bootstrap_register(): failed 1100 (0x44c) 'Permission denied', port = 0x9b03, name = 'com.apple.CFPasteboardClient'
See /usr/include/servers/bootstrap_defs.h for the error codes.

Build info: version: '2.53.1', revision: 'a36b8b1cd5757287168e54b817830adce9b0158d', time: '2016-06-30 19:26:09'
System info: host: 'Kellys-MacBook-Pro.local', ip: '169.254.106.50', os.name: 'Mac OS X', os.arch: 'x86_64', os.version: '10.12.3', java.version: '1.8.0_92'
Driver info: driver.version: FirefoxDriver
	at org.openqa.selenium.firefox.internal.NewProfileExtensionConnection.start(NewProfileExtensionConnection.java:125)
	at org.openqa.selenium.firefox.FirefoxDriver.startClient(FirefoxDriver.java:271)
	at org.openqa.selenium.remote.RemoteWebDriver.<init>(RemoteWebDriver.java:119)
	at org.openqa.selenium.firefox.FirefoxDriver.<init>(FirefoxDriver.java:216)
	at org.openqa.selenium.firefox.FirefoxDriver.<init>(FirefoxDriver.java:211)
	at org.openqa.selenium.firefox.FirefoxDriver.<init>(FirefoxDriver.java:207)
	at org.openqa.selenium.firefox.FirefoxDriver.<init>(FirefoxDriver.java:120)
	at TestNG2.TestNG_MultiBrowserTest.beforeClass(TestNG_MultiBrowserTest.java:25)
	at java.util.concurrent.FutureTask.run(FutureTask.java:266)
	at java.util.concurrent.ThreadPoolExecutor.runWorker(ThreadPoolExecutor.java:1142)
	at java.util.concurrent.ThreadPoolExecutor$Worker.run(ThreadPoolExecutor.java:617)
	at java.lang.Thread.run(Thread.java:745)
Caused by: org.openqa.selenium.firefox.NotConnectedException: Unable to connect to host 127.0.0.1 on port 7055 after 45000 ms. Firefox console output:
285-3208198ce6fd}
1503498255285	DeferredSave.extensions.json	DEBUG	Save changes
1503498255286	addons.xpi	DEBUG	Updating database with changes to installed add-ons
1503498255286	addons.xpi-utils	DEBUG	Updating add-on states
1503498255287	addons.xpi-utils	DEBUG	Writing add-ons list
1503498255289	addons.xpi	DEBUG	Registering manifest for /Applications/Firefox.app/Contents/Resources/browser/features/aushelper@mozilla.org.xpi
1503498255290	addons.xpi	DEBUG	Calling bootstrap method startup on aushelper@mozilla.org version 2.0
1503498255290	addons.xpi	DEBUG	Registering manifest for /Applications/Firefox.app/Contents/Resources/browser/features/e10srollout@mozilla.org.xpi
1503498255291	addons.xpi	DEBUG	Calling bootstrap method startup on e10srollout@mozilla.org version 1.50
1503498255293	addons.xpi	DEBUG	Registering manifest for /Applications/Firefox.app/Contents/Resources/browser/features/firefox@getpocket.com.xpi
1503498255294	addons.xpi	DEBUG	Calling bootstrap method startup on firefox@getpocket.com version 1.0.5
1503498255295	addons.xpi	DEBUG	Registering manifest for /Applications/Firefox.app/Contents/Resources/browser/features/screenshots@mozilla.org.xpi
1503498255296	addons.xpi	DEBUG	Calling bootstrap method startup on screenshots@mozilla.org version 6.6.0
1503498255296	addons.xpi	DEBUG	Registering manifest for /Applications/Firefox.app/Contents/Resources/browser/features/webcompat@mozilla.org.xpi
1503498255296	addons.xpi	DEBUG	Calling bootstrap method startup on webcompat@mozilla.org version 1.1
1503498255302	addons.manager	DEBUG	Registering shutdown blocker for XPIProvider
1503498255302	addons.manager	DEBUG	Provider finished startup: XPIProvider
1503498255302	addons.manager	DEBUG	Starting provider: LightweightThemeManager
1503498255302	addons.manager	DEBUG	Registering shutdown blocker for LightweightThemeManager
1503498255303	addons.manager	DEBUG	Provider finished startup: LightweightThemeManager
1503498255303	addons.manager	DEBUG	Starting provider: GMPProvider
1503498255309	addons.manager	DEBUG	Registering shutdown blocker for GMPProvider
1503498255309	addons.manager	DEBUG	Provider finished startup: GMPProvider
1503498255309	addons.manager	DEBUG	Starting provider: PluginProvider
1503498255310	addons.manager	DEBUG	Registering shutdown blocker for PluginProvider
1503498255310	addons.manager	DEBUG	Provider finished startup: PluginProvider
1503498255310	addons.manager	DEBUG	Completed startup sequence
1503498255692	addons.manager	DEBUG	Starting provider: <unnamed-provider>
1503498255693	addons.manager	DEBUG	Registering shutdown blocker for <unnamed-provider>
1503498255694	addons.manager	DEBUG	Provider finished startup: <unnamed-provider>
1503498255796	DeferredSave.extensions.json	DEBUG	Write succeeded
1503498255796	addons.xpi-utils	DEBUG	XPI Database saved, setting schema version preference to 19
1503498255796	DeferredSave.extensions.json	DEBUG	Starting timer
1503498255804	addons.repository	DEBUG	No addons.json found.
1503498255804	DeferredSave.addons.json	DEBUG	Save changes
1503498255806	DeferredSave.addons.json	DEBUG	Starting timer
1503498255824	addons.manager	DEBUG	Starting provider: PreviousExperimentProvider
1503498255824	addons.manager	DEBUG	Registering shutdown blocker for PreviousExperimentProvider
1503498255825	addons.manager	DEBUG	Provider finished startup: PreviousExperimentProvider
1503498255837	DeferredSave.extensions.json	DEBUG	Starting write
1503498255854	DeferredSave.extensions.json	DEBUG	Write succeeded
1503498255857	DeferredSave.addons.json	DEBUG	Starting write
1503498255869	DeferredSave.addons.json	DEBUG	Write succeeded
2017-08-23 09:24:17.158 plugin-container[3091:51514] *** CFMessagePort: bootstrap_register(): failed 1100 (0x44c) 'Permission denied', port = 0x983b, name = 'com.apple.tsm.portname'
See /usr/include/servers/bootstrap_defs.h for the error codes.
2017-08-23 09:24:17.159 plugin-container[3091:51514] *** CFMessagePort: bootstrap_register(): failed 1100 (0x44c) 'Permission denied', port = 0x9b03, name = 'com.apple.CFPasteboardClient'
See /usr/include/servers/bootstrap_defs.h for the error codes.

	at org.openqa.selenium.firefox.internal.NewProfileExtensionConnection.start(NewProfileExtensionConnection.java:113)
	... 27 more
... Removed 16 stack frames]]>
    </failure>
  </testcase> <!-- @BeforeClass beforeClass -->
  <testcase name="@AfterClass afterClass" time="0.0" classname="TestNG2.TestNG_MultiBrowserTest">
    <skipped/>
  </testcase> <!-- @AfterClass afterClass -->
  <testcase name="searchFlights" time="0.0" classname="TestNG2.TestNG_MultiBrowserTest">
    <skipped/>
  </testcase> <!-- searchFlights -->
</testsuite> <!-- Firefox Test -->
